<?xml version="1.0" encoding="UTF-8"?>
<robot generator="Robot 7.2.2 (Python 3.11.4 on win32)" generated="2025-04-10T09:46:06.850740" rpa="false" schemaversion="5">
<suite id="s1" name="Submissions" source="C:\python-automation-practice\Week-02\Student Records\submissions.robot">
<test id="s1-t1" name="Submissin check" line="62">
<kw name="Create Student folders">
<kw name="Create Directory" owner="OperatingSystem">
<msg time="2025-04-10T09:46:06.900187" level="INFO" html="true">Created directory '&lt;a href="file://C:\python-automation-practice\Week-02\Student Records\8th Sem"&gt;C:\python-automation-practice\Week-02\Student Records\8th Sem&lt;/a&gt;'.</msg>
<arg>8th Sem</arg>
<doc>Creates the specified directory.</doc>
<status status="PASS" start="2025-04-10T09:46:06.900187" elapsed="0.000000"/>
</kw>
<for flavor="IN RANGE">
<iter>
<kw name="Create Directory" owner="OperatingSystem">
<msg time="2025-04-10T09:46:06.900187" level="INFO" html="true">Created directory '&lt;a href="file://C:\python-automation-practice\Week-02\Student Records\8th Sem\4JK21CS01"&gt;C:\python-automation-practice\Week-02\Student Records\8th Sem\4JK21CS01&lt;/a&gt;'.</msg>
<arg>8th Sem/4JK21CS0${i}</arg>
<doc>Creates the specified directory.</doc>
<status status="PASS" start="2025-04-10T09:46:06.900187" elapsed="0.000000"/>
</kw>
<var name="${i}">1</var>
<status status="PASS" start="2025-04-10T09:46:06.900187" elapsed="0.000000"/>
</iter>
<iter>
<kw name="Create Directory" owner="OperatingSystem">
<msg time="2025-04-10T09:46:06.900187" level="INFO" html="true">Created directory '&lt;a href="file://C:\python-automation-practice\Week-02\Student Records\8th Sem\4JK21CS02"&gt;C:\python-automation-practice\Week-02\Student Records\8th Sem\4JK21CS02&lt;/a&gt;'.</msg>
<arg>8th Sem/4JK21CS0${i}</arg>
<doc>Creates the specified directory.</doc>
<status status="PASS" start="2025-04-10T09:46:06.900187" elapsed="0.000000"/>
</kw>
<var name="${i}">2</var>
<status status="PASS" start="2025-04-10T09:46:06.900187" elapsed="0.000000"/>
</iter>
<iter>
<kw name="Create Directory" owner="OperatingSystem">
<msg time="2025-04-10T09:46:06.900187" level="INFO" html="true">Created directory '&lt;a href="file://C:\python-automation-practice\Week-02\Student Records\8th Sem\4JK21CS03"&gt;C:\python-automation-practice\Week-02\Student Records\8th Sem\4JK21CS03&lt;/a&gt;'.</msg>
<arg>8th Sem/4JK21CS0${i}</arg>
<doc>Creates the specified directory.</doc>
<status status="PASS" start="2025-04-10T09:46:06.900187" elapsed="0.000000"/>
</kw>
<var name="${i}">3</var>
<status status="PASS" start="2025-04-10T09:46:06.900187" elapsed="0.000000"/>
</iter>
<iter>
<kw name="Create Directory" owner="OperatingSystem">
<msg time="2025-04-10T09:46:06.900187" level="INFO" html="true">Created directory '&lt;a href="file://C:\python-automation-practice\Week-02\Student Records\8th Sem\4JK21CS04"&gt;C:\python-automation-practice\Week-02\Student Records\8th Sem\4JK21CS04&lt;/a&gt;'.</msg>
<arg>8th Sem/4JK21CS0${i}</arg>
<doc>Creates the specified directory.</doc>
<status status="PASS" start="2025-04-10T09:46:06.900187" elapsed="0.000000"/>
</kw>
<var name="${i}">4</var>
<status status="PASS" start="2025-04-10T09:46:06.900187" elapsed="0.000000"/>
</iter>
<var>${i}</var>
<value>1</value>
<value>5</value>
<status status="PASS" start="2025-04-10T09:46:06.900187" elapsed="0.000000"/>
</for>
<kw name="List Directories In Directory" owner="OperatingSystem">
<msg time="2025-04-10T09:46:06.908529" level="INFO" html="true">Listing contents of directory '&lt;a href="file://C:\python-automation-practice\Week-02\Student Records\8th Sem"&gt;C:\python-automation-practice\Week-02\Student Records\8th Sem&lt;/a&gt;'.</msg>
<msg time="2025-04-10T09:46:06.908529" level="INFO">4 directories:
4JK21CS01
4JK21CS02
4JK21CS03
4JK21CS04</msg>
<msg time="2025-04-10T09:46:06.908529" level="INFO">${directories} = ['4JK21CS01', '4JK21CS02', '4JK21CS03', '4JK21CS04']</msg>
<var>${directories}</var>
<arg>8th Sem</arg>
<doc>Wrapper for `List Directory` that returns only directories.</doc>
<status status="PASS" start="2025-04-10T09:46:06.908529" elapsed="0.000000"/>
</kw>
<for flavor="IN">
<iter>
<kw name="Create File" owner="OperatingSystem">
<msg time="2025-04-10T09:46:06.908529" level="INFO" html="true">Created file '&lt;a href="file://C:\python-automation-practice\Week-02\Student Records\8th Sem\4JK21CS01\Report.txt"&gt;C:\python-automation-practice\Week-02\Student Records\8th Sem\4JK21CS01\Report.txt&lt;/a&gt;'.</msg>
<arg>8th Sem/${directory}/Report.txt</arg>
<doc>Creates a file with the given content and encoding.</doc>
<status status="PASS" start="2025-04-10T09:46:06.908529" elapsed="0.000000"/>
</kw>
<kw name="Create File" owner="OperatingSystem">
<msg time="2025-04-10T09:46:06.908529" level="INFO" html="true">Created file '&lt;a href="file://C:\python-automation-practice\Week-02\Student Records\8th Sem\4JK21CS01\Resume.txt"&gt;C:\python-automation-practice\Week-02\Student Records\8th Sem\4JK21CS01\Resume.txt&lt;/a&gt;'.</msg>
<arg>8th Sem/${directory}/Resume.txt</arg>
<doc>Creates a file with the given content and encoding.</doc>
<status status="PASS" start="2025-04-10T09:46:06.908529" elapsed="0.000000"/>
</kw>
<var name="${directory}">4JK21CS01</var>
<status status="PASS" start="2025-04-10T09:46:06.908529" elapsed="0.000000"/>
</iter>
<iter>
<kw name="Create File" owner="OperatingSystem">
<msg time="2025-04-10T09:46:06.908529" level="INFO" html="true">Created file '&lt;a href="file://C:\python-automation-practice\Week-02\Student Records\8th Sem\4JK21CS02\Report.txt"&gt;C:\python-automation-practice\Week-02\Student Records\8th Sem\4JK21CS02\Report.txt&lt;/a&gt;'.</msg>
<arg>8th Sem/${directory}/Report.txt</arg>
<doc>Creates a file with the given content and encoding.</doc>
<status status="PASS" start="2025-04-10T09:46:06.908529" elapsed="0.000000"/>
</kw>
<kw name="Create File" owner="OperatingSystem">
<msg time="2025-04-10T09:46:06.908529" level="INFO" html="true">Created file '&lt;a href="file://C:\python-automation-practice\Week-02\Student Records\8th Sem\4JK21CS02\Resume.txt"&gt;C:\python-automation-practice\Week-02\Student Records\8th Sem\4JK21CS02\Resume.txt&lt;/a&gt;'.</msg>
<arg>8th Sem/${directory}/Resume.txt</arg>
<doc>Creates a file with the given content and encoding.</doc>
<status status="PASS" start="2025-04-10T09:46:06.908529" elapsed="0.000000"/>
</kw>
<var name="${directory}">4JK21CS02</var>
<status status="PASS" start="2025-04-10T09:46:06.908529" elapsed="0.000000"/>
</iter>
<iter>
<kw name="Create File" owner="OperatingSystem">
<msg time="2025-04-10T09:46:06.908529" level="INFO" html="true">Created file '&lt;a href="file://C:\python-automation-practice\Week-02\Student Records\8th Sem\4JK21CS03\Report.txt"&gt;C:\python-automation-practice\Week-02\Student Records\8th Sem\4JK21CS03\Report.txt&lt;/a&gt;'.</msg>
<arg>8th Sem/${directory}/Report.txt</arg>
<doc>Creates a file with the given content and encoding.</doc>
<status status="PASS" start="2025-04-10T09:46:06.908529" elapsed="0.000000"/>
</kw>
<kw name="Create File" owner="OperatingSystem">
<msg time="2025-04-10T09:46:06.908529" level="INFO" html="true">Created file '&lt;a href="file://C:\python-automation-practice\Week-02\Student Records\8th Sem\4JK21CS03\Resume.txt"&gt;C:\python-automation-practice\Week-02\Student Records\8th Sem\4JK21CS03\Resume.txt&lt;/a&gt;'.</msg>
<arg>8th Sem/${directory}/Resume.txt</arg>
<doc>Creates a file with the given content and encoding.</doc>
<status status="PASS" start="2025-04-10T09:46:06.908529" elapsed="0.000000"/>
</kw>
<var name="${directory}">4JK21CS03</var>
<status status="PASS" start="2025-04-10T09:46:06.908529" elapsed="0.000000"/>
</iter>
<iter>
<kw name="Create File" owner="OperatingSystem">
<msg time="2025-04-10T09:46:06.916850" level="INFO" html="true">Created file '&lt;a href="file://C:\python-automation-practice\Week-02\Student Records\8th Sem\4JK21CS04\Report.txt"&gt;C:\python-automation-practice\Week-02\Student Records\8th Sem\4JK21CS04\Report.txt&lt;/a&gt;'.</msg>
<arg>8th Sem/${directory}/Report.txt</arg>
<doc>Creates a file with the given content and encoding.</doc>
<status status="PASS" start="2025-04-10T09:46:06.908529" elapsed="0.008321"/>
</kw>
<kw name="Create File" owner="OperatingSystem">
<msg time="2025-04-10T09:46:06.916850" level="INFO" html="true">Created file '&lt;a href="file://C:\python-automation-practice\Week-02\Student Records\8th Sem\4JK21CS04\Resume.txt"&gt;C:\python-automation-practice\Week-02\Student Records\8th Sem\4JK21CS04\Resume.txt&lt;/a&gt;'.</msg>
<arg>8th Sem/${directory}/Resume.txt</arg>
<doc>Creates a file with the given content and encoding.</doc>
<status status="PASS" start="2025-04-10T09:46:06.916850" elapsed="0.000000"/>
</kw>
<var name="${directory}">4JK21CS04</var>
<status status="PASS" start="2025-04-10T09:46:06.908529" elapsed="0.008321"/>
</iter>
<var>${directory}</var>
<value>@{directories}</value>
<status status="PASS" start="2025-04-10T09:46:06.908529" elapsed="0.008321"/>
</for>
<status status="PASS" start="2025-04-10T09:46:06.900187" elapsed="0.016663"/>
</kw>
<kw name="Delete files">
<kw name="Remove File" owner="OperatingSystem">
<msg time="2025-04-10T09:46:06.916850" level="INFO" html="true">Removed file '&lt;a href="file://C:\python-automation-practice\Week-02\Student Records\8th Sem\4JK21CS01\Report.txt"&gt;C:\python-automation-practice\Week-02\Student Records\8th Sem\4JK21CS01\Report.txt&lt;/a&gt;'.</msg>
<arg>8th Sem/4JK21CS01/Report.txt</arg>
<doc>Removes a file with the given path.</doc>
<status status="PASS" start="2025-04-10T09:46:06.916850" elapsed="0.000000"/>
</kw>
<kw name="Remove File" owner="OperatingSystem">
<msg time="2025-04-10T09:46:06.916850" level="INFO" html="true">Removed file '&lt;a href="file://C:\python-automation-practice\Week-02\Student Records\8th Sem\4JK21CS03\Resume.txt"&gt;C:\python-automation-practice\Week-02\Student Records\8th Sem\4JK21CS03\Resume.txt&lt;/a&gt;'.</msg>
<arg>8th Sem/4JK21CS03/Resume.txt</arg>
<doc>Removes a file with the given path.</doc>
<status status="PASS" start="2025-04-10T09:46:06.916850" elapsed="0.000000"/>
</kw>
<kw name="Remove File" owner="OperatingSystem">
<msg time="2025-04-10T09:46:06.916850" level="INFO" html="true">Removed file '&lt;a href="file://C:\python-automation-practice\Week-02\Student Records\8th Sem\4JK21CS04\Report.txt"&gt;C:\python-automation-practice\Week-02\Student Records\8th Sem\4JK21CS04\Report.txt&lt;/a&gt;'.</msg>
<arg>8th Sem/4JK21CS04/Report.txt</arg>
<doc>Removes a file with the given path.</doc>
<status status="PASS" start="2025-04-10T09:46:06.916850" elapsed="0.000000"/>
</kw>
<status status="PASS" start="2025-04-10T09:46:06.916850" elapsed="0.000000"/>
</kw>
<kw name="Test student uploads">
<kw name="Create List" owner="BuiltIn">
<msg time="2025-04-10T09:46:06.921588" level="INFO">${missing} = []</msg>
<var>${missing}</var>
<doc>Returns a list containing given items.</doc>
<status status="PASS" start="2025-04-10T09:46:06.921588" elapsed="0.000000"/>
</kw>
<kw name="List Directories In Directory" owner="OperatingSystem">
<msg time="2025-04-10T09:46:06.921588" level="INFO" html="true">Listing contents of directory '&lt;a href="file://C:\python-automation-practice\Week-02\Student Records\8th Sem"&gt;C:\python-automation-practice\Week-02\Student Records\8th Sem&lt;/a&gt;'.</msg>
<msg time="2025-04-10T09:46:06.921588" level="INFO">4 directories:
4JK21CS01
4JK21CS02
4JK21CS03
4JK21CS04</msg>
<msg time="2025-04-10T09:46:06.921588" level="INFO">${directories} = ['4JK21CS01', '4JK21CS02', '4JK21CS03', '4JK21CS04']</msg>
<var>${directories}</var>
<arg>8th Sem</arg>
<doc>Wrapper for `List Directory` that returns only directories.</doc>
<status status="PASS" start="2025-04-10T09:46:06.921588" elapsed="0.000000"/>
</kw>
<for flavor="IN">
<iter>
<kw name="Run Keyword And Return Status" owner="BuiltIn">
<kw name="File Should Exist" owner="OperatingSystem">
<msg time="2025-04-10T09:46:06.921588" level="FAIL">File 'C:\python-automation-practice\Week-02\Student Records\8th Sem\4JK21CS01\Report.txt' does not exist.</msg>
<arg>8th Sem/${directory}/Report.txt</arg>
<doc>Fails unless the given ``path`` points to an existing file.</doc>
<status status="FAIL" start="2025-04-10T09:46:06.921588" elapsed="0.000000">File 'C:\python-automation-practice\Week-02\Student Records\8th Sem\4JK21CS01\Report.txt' does not exist.</status>
</kw>
<msg time="2025-04-10T09:46:06.921588" level="INFO">${report_exists} = False</msg>
<var>${report_exists}</var>
<arg>File Should Exist</arg>
<arg>8th Sem/${directory}/Report.txt</arg>
<doc>Runs the given keyword with given arguments and returns the status as a Boolean value.</doc>
<status status="PASS" start="2025-04-10T09:46:06.921588" elapsed="0.000000"/>
</kw>
<kw name="Run Keyword And Return Status" owner="BuiltIn">
<kw name="File Should Exist" owner="OperatingSystem">
<msg time="2025-04-10T09:46:06.921588" level="INFO" html="true">File '&lt;a href="file://C:\python-automation-practice\Week-02\Student Records\8th Sem\4JK21CS01\Resume.txt"&gt;C:\python-automation-practice\Week-02\Student Records\8th Sem\4JK21CS01\Resume.txt&lt;/a&gt;' exists.</msg>
<arg>8th Sem/${directory}/Resume.txt</arg>
<doc>Fails unless the given ``path`` points to an existing file.</doc>
<status status="PASS" start="2025-04-10T09:46:06.921588" elapsed="0.000000"/>
</kw>
<msg time="2025-04-10T09:46:06.921588" level="INFO">${resume_exists} = True</msg>
<var>${resume_exists}</var>
<arg>File Should Exist</arg>
<arg>8th Sem/${directory}/Resume.txt</arg>
<doc>Runs the given keyword with given arguments and returns the status as a Boolean value.</doc>
<status status="PASS" start="2025-04-10T09:46:06.921588" elapsed="0.000000"/>
</kw>
<kw name="Run Keyword If" owner="BuiltIn">
<kw name="Append To List" owner="Collections">
<arg>${missing}</arg>
<arg>${directory}</arg>
<doc>Adds ``values`` to the end of ``list``.</doc>
<status status="PASS" start="2025-04-10T09:46:06.921588" elapsed="0.000000"/>
</kw>
<arg>not ${report_exists} or not ${resume_exists}</arg>
<arg>Append To List</arg>
<arg>${missing}</arg>
<arg>${directory}</arg>
<doc>Runs the given keyword with the given arguments, if ``condition`` is true.</doc>
<status status="PASS" start="2025-04-10T09:46:06.921588" elapsed="0.000000"/>
</kw>
<var name="${directory}">4JK21CS01</var>
<status status="PASS" start="2025-04-10T09:46:06.921588" elapsed="0.000000"/>
</iter>
<iter>
<kw name="Run Keyword And Return Status" owner="BuiltIn">
<kw name="File Should Exist" owner="OperatingSystem">
<msg time="2025-04-10T09:46:06.925165" level="INFO" html="true">File '&lt;a href="file://C:\python-automation-practice\Week-02\Student Records\8th Sem\4JK21CS02\Report.txt"&gt;C:\python-automation-practice\Week-02\Student Records\8th Sem\4JK21CS02\Report.txt&lt;/a&gt;' exists.</msg>
<arg>8th Sem/${directory}/Report.txt</arg>
<doc>Fails unless the given ``path`` points to an existing file.</doc>
<status status="PASS" start="2025-04-10T09:46:06.925165" elapsed="0.000000"/>
</kw>
<msg time="2025-04-10T09:46:06.925165" level="INFO">${report_exists} = True</msg>
<var>${report_exists}</var>
<arg>File Should Exist</arg>
<arg>8th Sem/${directory}/Report.txt</arg>
<doc>Runs the given keyword with given arguments and returns the status as a Boolean value.</doc>
<status status="PASS" start="2025-04-10T09:46:06.921588" elapsed="0.003577"/>
</kw>
<kw name="Run Keyword And Return Status" owner="BuiltIn">
<kw name="File Should Exist" owner="OperatingSystem">
<msg time="2025-04-10T09:46:06.925165" level="INFO" html="true">File '&lt;a href="file://C:\python-automation-practice\Week-02\Student Records\8th Sem\4JK21CS02\Resume.txt"&gt;C:\python-automation-practice\Week-02\Student Records\8th Sem\4JK21CS02\Resume.txt&lt;/a&gt;' exists.</msg>
<arg>8th Sem/${directory}/Resume.txt</arg>
<doc>Fails unless the given ``path`` points to an existing file.</doc>
<status status="PASS" start="2025-04-10T09:46:06.925165" elapsed="0.000000"/>
</kw>
<msg time="2025-04-10T09:46:06.925165" level="INFO">${resume_exists} = True</msg>
<var>${resume_exists}</var>
<arg>File Should Exist</arg>
<arg>8th Sem/${directory}/Resume.txt</arg>
<doc>Runs the given keyword with given arguments and returns the status as a Boolean value.</doc>
<status status="PASS" start="2025-04-10T09:46:06.925165" elapsed="0.000000"/>
</kw>
<kw name="Run Keyword If" owner="BuiltIn">
<arg>not ${report_exists} or not ${resume_exists}</arg>
<arg>Append To List</arg>
<arg>${missing}</arg>
<arg>${directory}</arg>
<doc>Runs the given keyword with the given arguments, if ``condition`` is true.</doc>
<status status="PASS" start="2025-04-10T09:46:06.925165" elapsed="0.000000"/>
</kw>
<var name="${directory}">4JK21CS02</var>
<status status="PASS" start="2025-04-10T09:46:06.921588" elapsed="0.003577"/>
</iter>
<iter>
<kw name="Run Keyword And Return Status" owner="BuiltIn">
<kw name="File Should Exist" owner="OperatingSystem">
<msg time="2025-04-10T09:46:06.925165" level="INFO" html="true">File '&lt;a href="file://C:\python-automation-practice\Week-02\Student Records\8th Sem\4JK21CS03\Report.txt"&gt;C:\python-automation-practice\Week-02\Student Records\8th Sem\4JK21CS03\Report.txt&lt;/a&gt;' exists.</msg>
<arg>8th Sem/${directory}/Report.txt</arg>
<doc>Fails unless the given ``path`` points to an existing file.</doc>
<status status="PASS" start="2025-04-10T09:46:06.925165" elapsed="0.000000"/>
</kw>
<msg time="2025-04-10T09:46:06.925165" level="INFO">${report_exists} = True</msg>
<var>${report_exists}</var>
<arg>File Should Exist</arg>
<arg>8th Sem/${directory}/Report.txt</arg>
<doc>Runs the given keyword with given arguments and returns the status as a Boolean value.</doc>
<status status="PASS" start="2025-04-10T09:46:06.925165" elapsed="0.000000"/>
</kw>
<kw name="Run Keyword And Return Status" owner="BuiltIn">
<kw name="File Should Exist" owner="OperatingSystem">
<msg time="2025-04-10T09:46:06.925165" level="FAIL">File 'C:\python-automation-practice\Week-02\Student Records\8th Sem\4JK21CS03\Resume.txt' does not exist.</msg>
<arg>8th Sem/${directory}/Resume.txt</arg>
<doc>Fails unless the given ``path`` points to an existing file.</doc>
<status status="FAIL" start="2025-04-10T09:46:06.925165" elapsed="0.000000">File 'C:\python-automation-practice\Week-02\Student Records\8th Sem\4JK21CS03\Resume.txt' does not exist.</status>
</kw>
<msg time="2025-04-10T09:46:06.925165" level="INFO">${resume_exists} = False</msg>
<var>${resume_exists}</var>
<arg>File Should Exist</arg>
<arg>8th Sem/${directory}/Resume.txt</arg>
<doc>Runs the given keyword with given arguments and returns the status as a Boolean value.</doc>
<status status="PASS" start="2025-04-10T09:46:06.925165" elapsed="0.000000"/>
</kw>
<kw name="Run Keyword If" owner="BuiltIn">
<kw name="Append To List" owner="Collections">
<arg>${missing}</arg>
<arg>${directory}</arg>
<doc>Adds ``values`` to the end of ``list``.</doc>
<status status="PASS" start="2025-04-10T09:46:06.925165" elapsed="0.000000"/>
</kw>
<arg>not ${report_exists} or not ${resume_exists}</arg>
<arg>Append To List</arg>
<arg>${missing}</arg>
<arg>${directory}</arg>
<doc>Runs the given keyword with the given arguments, if ``condition`` is true.</doc>
<status status="PASS" start="2025-04-10T09:46:06.925165" elapsed="0.000000"/>
</kw>
<var name="${directory}">4JK21CS03</var>
<status status="PASS" start="2025-04-10T09:46:06.925165" elapsed="0.000000"/>
</iter>
<iter>
<kw name="Run Keyword And Return Status" owner="BuiltIn">
<kw name="File Should Exist" owner="OperatingSystem">
<msg time="2025-04-10T09:46:06.925165" level="FAIL">File 'C:\python-automation-practice\Week-02\Student Records\8th Sem\4JK21CS04\Report.txt' does not exist.</msg>
<arg>8th Sem/${directory}/Report.txt</arg>
<doc>Fails unless the given ``path`` points to an existing file.</doc>
<status status="FAIL" start="2025-04-10T09:46:06.925165" elapsed="0.000000">File 'C:\python-automation-practice\Week-02\Student Records\8th Sem\4JK21CS04\Report.txt' does not exist.</status>
</kw>
<msg time="2025-04-10T09:46:06.925165" level="INFO">${report_exists} = False</msg>
<var>${report_exists}</var>
<arg>File Should Exist</arg>
<arg>8th Sem/${directory}/Report.txt</arg>
<doc>Runs the given keyword with given arguments and returns the status as a Boolean value.</doc>
<status status="PASS" start="2025-04-10T09:46:06.925165" elapsed="0.000000"/>
</kw>
<kw name="Run Keyword And Return Status" owner="BuiltIn">
<kw name="File Should Exist" owner="OperatingSystem">
<msg time="2025-04-10T09:46:06.925165" level="INFO" html="true">File '&lt;a href="file://C:\python-automation-practice\Week-02\Student Records\8th Sem\4JK21CS04\Resume.txt"&gt;C:\python-automation-practice\Week-02\Student Records\8th Sem\4JK21CS04\Resume.txt&lt;/a&gt;' exists.</msg>
<arg>8th Sem/${directory}/Resume.txt</arg>
<doc>Fails unless the given ``path`` points to an existing file.</doc>
<status status="PASS" start="2025-04-10T09:46:06.925165" elapsed="0.000000"/>
</kw>
<msg time="2025-04-10T09:46:06.925165" level="INFO">${resume_exists} = True</msg>
<var>${resume_exists}</var>
<arg>File Should Exist</arg>
<arg>8th Sem/${directory}/Resume.txt</arg>
<doc>Runs the given keyword with given arguments and returns the status as a Boolean value.</doc>
<status status="PASS" start="2025-04-10T09:46:06.925165" elapsed="0.000000"/>
</kw>
<kw name="Run Keyword If" owner="BuiltIn">
<kw name="Append To List" owner="Collections">
<arg>${missing}</arg>
<arg>${directory}</arg>
<doc>Adds ``values`` to the end of ``list``.</doc>
<status status="PASS" start="2025-04-10T09:46:06.925165" elapsed="0.000000"/>
</kw>
<arg>not ${report_exists} or not ${resume_exists}</arg>
<arg>Append To List</arg>
<arg>${missing}</arg>
<arg>${directory}</arg>
<doc>Runs the given keyword with the given arguments, if ``condition`` is true.</doc>
<status status="PASS" start="2025-04-10T09:46:06.925165" elapsed="0.000000"/>
</kw>
<var name="${directory}">4JK21CS04</var>
<status status="PASS" start="2025-04-10T09:46:06.925165" elapsed="0.000000"/>
</iter>
<var>${directory}</var>
<value>@{directories}</value>
<status status="PASS" start="2025-04-10T09:46:06.921588" elapsed="0.003577"/>
</for>
<kw name="Get Length" owner="BuiltIn">
<msg time="2025-04-10T09:46:06.925165" level="INFO">Length is 3.</msg>
<msg time="2025-04-10T09:46:06.925165" level="INFO">${count} = 3</msg>
<var>${count}</var>
<arg>${missing}</arg>
<doc>Returns and logs the length of the given item as an integer.</doc>
<status status="PASS" start="2025-04-10T09:46:06.925165" elapsed="0.000000"/>
</kw>
<kw name="Run Keyword If" owner="BuiltIn">
<kw name="Run Keywords" owner="BuiltIn">
<kw name="Write missing to CSV">
<kw name="Create File" owner="OperatingSystem">
<msg time="2025-04-10T09:46:06.925165" level="INFO" html="true">Created file '&lt;a href="file://C:\python-automation-practice\Week-02\Student Records\8th Sem\pending_submissions.CSV"&gt;C:\python-automation-practice\Week-02\Student Records\8th Sem\pending_submissions.CSV&lt;/a&gt;'.</msg>
<arg>8th Sem/pending_submissions.CSV</arg>
<arg>USN\n</arg>
<doc>Creates a file with the given content and encoding.</doc>
<status status="PASS" start="2025-04-10T09:46:06.925165" elapsed="0.000000"/>
</kw>
<for flavor="IN">
<iter>
<kw name="Append To File" owner="OperatingSystem">
<msg time="2025-04-10T09:46:06.930977" level="INFO" html="true">Appended to file '&lt;a href="file://C:\python-automation-practice\Week-02\Student Records\8th Sem\pending_submissions.CSV"&gt;C:\python-automation-practice\Week-02\Student Records\8th Sem\pending_submissions.CSV&lt;/a&gt;'.</msg>
<arg>8th Sem/pending_submissions.CSV</arg>
<arg>${student}\n</arg>
<doc>Appends the given content to the specified file.</doc>
<status status="PASS" start="2025-04-10T09:46:06.930977" elapsed="0.000000"/>
</kw>
<var name="${student}">4JK21CS01</var>
<status status="PASS" start="2025-04-10T09:46:06.925165" elapsed="0.005812"/>
</iter>
<iter>
<kw name="Append To File" owner="OperatingSystem">
<msg time="2025-04-10T09:46:06.930977" level="INFO" html="true">Appended to file '&lt;a href="file://C:\python-automation-practice\Week-02\Student Records\8th Sem\pending_submissions.CSV"&gt;C:\python-automation-practice\Week-02\Student Records\8th Sem\pending_submissions.CSV&lt;/a&gt;'.</msg>
<arg>8th Sem/pending_submissions.CSV</arg>
<arg>${student}\n</arg>
<doc>Appends the given content to the specified file.</doc>
<status status="PASS" start="2025-04-10T09:46:06.930977" elapsed="0.000000"/>
</kw>
<var name="${student}">4JK21CS03</var>
<status status="PASS" start="2025-04-10T09:46:06.930977" elapsed="0.000000"/>
</iter>
<iter>
<kw name="Append To File" owner="OperatingSystem">
<msg time="2025-04-10T09:46:06.933522" level="INFO" html="true">Appended to file '&lt;a href="file://C:\python-automation-practice\Week-02\Student Records\8th Sem\pending_submissions.CSV"&gt;C:\python-automation-practice\Week-02\Student Records\8th Sem\pending_submissions.CSV&lt;/a&gt;'.</msg>
<arg>8th Sem/pending_submissions.CSV</arg>
<arg>${student}\n</arg>
<doc>Appends the given content to the specified file.</doc>
<status status="PASS" start="2025-04-10T09:46:06.930977" elapsed="0.002545"/>
</kw>
<var name="${student}">4JK21CS04</var>
<status status="PASS" start="2025-04-10T09:46:06.930977" elapsed="0.002545"/>
</iter>
<var>${student}</var>
<value>@{list}</value>
<status status="PASS" start="2025-04-10T09:46:06.925165" elapsed="0.008357"/>
</for>
<arg>${missing}</arg>
<status status="PASS" start="2025-04-10T09:46:06.925165" elapsed="0.008357"/>
</kw>
<kw name="Write missing to TXT">
<kw name="Create File" owner="OperatingSystem">
<msg time="2025-04-10T09:46:06.935530" level="INFO" html="true">Created file '&lt;a href="file://C:\python-automation-practice\Week-02\Student Records\8th Sem\pending_submissions.txt"&gt;C:\python-automation-practice\Week-02\Student Records\8th Sem\pending_submissions.txt&lt;/a&gt;'.</msg>
<arg>8th Sem/pending_submissions.txt</arg>
<arg>USN\n</arg>
<doc>Creates a file with the given content and encoding.</doc>
<status status="PASS" start="2025-04-10T09:46:06.935530" elapsed="0.000000"/>
</kw>
<for flavor="IN">
<iter>
<kw name="Append To File" owner="OperatingSystem">
<msg time="2025-04-10T09:46:06.938070" level="INFO" html="true">Appended to file '&lt;a href="file://C:\python-automation-practice\Week-02\Student Records\8th Sem\pending_submissions.txt"&gt;C:\python-automation-practice\Week-02\Student Records\8th Sem\pending_submissions.txt&lt;/a&gt;'.</msg>
<arg>8th Sem/pending_submissions.txt</arg>
<arg>${student}\n</arg>
<doc>Appends the given content to the specified file.</doc>
<status status="PASS" start="2025-04-10T09:46:06.935530" elapsed="0.002540"/>
</kw>
<var name="${student}">4JK21CS01</var>
<status status="PASS" start="2025-04-10T09:46:06.935530" elapsed="0.002540"/>
</iter>
<iter>
<kw name="Append To File" owner="OperatingSystem">
<msg time="2025-04-10T09:46:06.938070" level="INFO" html="true">Appended to file '&lt;a href="file://C:\python-automation-practice\Week-02\Student Records\8th Sem\pending_submissions.txt"&gt;C:\python-automation-practice\Week-02\Student Records\8th Sem\pending_submissions.txt&lt;/a&gt;'.</msg>
<arg>8th Sem/pending_submissions.txt</arg>
<arg>${student}\n</arg>
<doc>Appends the given content to the specified file.</doc>
<status status="PASS" start="2025-04-10T09:46:06.938070" elapsed="0.000000"/>
</kw>
<var name="${student}">4JK21CS03</var>
<status status="PASS" start="2025-04-10T09:46:06.938070" elapsed="0.000000"/>
</iter>
<iter>
<kw name="Append To File" owner="OperatingSystem">
<msg time="2025-04-10T09:46:06.938070" level="INFO" html="true">Appended to file '&lt;a href="file://C:\python-automation-practice\Week-02\Student Records\8th Sem\pending_submissions.txt"&gt;C:\python-automation-practice\Week-02\Student Records\8th Sem\pending_submissions.txt&lt;/a&gt;'.</msg>
<arg>8th Sem/pending_submissions.txt</arg>
<arg>${student}\n</arg>
<doc>Appends the given content to the specified file.</doc>
<status status="PASS" start="2025-04-10T09:46:06.938070" elapsed="0.003880"/>
</kw>
<var name="${student}">4JK21CS04</var>
<status status="PASS" start="2025-04-10T09:46:06.938070" elapsed="0.003880"/>
</iter>
<var>${student}</var>
<value>@{list}</value>
<status status="PASS" start="2025-04-10T09:46:06.935530" elapsed="0.006420"/>
</for>
<arg>${missing}</arg>
<status status="PASS" start="2025-04-10T09:46:06.933522" elapsed="0.008428"/>
</kw>
<arg>Write missing to CSV</arg>
<arg>${missing}</arg>
<arg>AND</arg>
<arg>Write missing to TXT</arg>
<arg>${missing}</arg>
<doc>Executes all the given keywords in a sequence.</doc>
<status status="PASS" start="2025-04-10T09:46:06.925165" elapsed="0.016785"/>
</kw>
<arg>${count}==0</arg>
<arg>Log To Console</arg>
<arg>All Submitted</arg>
<arg>ELSE</arg>
<arg>Run Keywords</arg>
<arg>Write missing to CSV</arg>
<arg>${missing}</arg>
<arg>AND</arg>
<arg>Write missing to TXT</arg>
<arg>${missing}</arg>
<doc>Runs the given keyword with the given arguments, if ``condition`` is true.</doc>
<status status="PASS" start="2025-04-10T09:46:06.925165" elapsed="0.016785"/>
</kw>
<status status="PASS" start="2025-04-10T09:46:06.921588" elapsed="0.020362"/>
</kw>
<status status="PASS" start="2025-04-10T09:46:06.897741" elapsed="0.044209"/>
</test>
<status status="PASS" start="2025-04-10T09:46:06.850740" elapsed="0.091210"/>
</suite>
<statistics>
<total>
<stat pass="1" fail="0" skip="0">All Tests</stat>
</total>
<tag>
</tag>
<suite>
<stat name="Submissions" id="s1" pass="1" fail="0" skip="0">Submissions</stat>
</suite>
</statistics>
<errors>
</errors>
</robot>
