<?xml version="1.0" encoding="UTF-8"?>
<robot generator="Robot 7.2.2 (Python 3.11.4 on win32)" generated="2025-04-08T15:16:08.968741" rpa="false" schemaversion="5">
<suite id="s1" name="Logintest" source="C:\python-automation-practice\Week-01\web-automation\logintest.robot">
<test id="s1-t1" name="Open Login Page" line="8">
<kw name="Open Browser" owner="SeleniumLibrary">
<msg time="2025-04-08T15:16:09.624584" level="INFO">Opening browser 'chrome' to base url 'https://robotframework.org/SeleniumLibrary/'.</msg>
<arg>${URL}</arg>
<arg>${BROWSER}</arg>
<doc>Opens a new browser instance to the optional ``url``.</doc>
<status status="PASS" start="2025-04-08T15:16:09.623163" elapsed="16.336646"/>
</kw>
<kw name="Sleep" owner="BuiltIn">
<msg time="2025-04-08T15:16:27.962578" level="INFO">Slept 2 seconds.</msg>
<arg>2s</arg>
<doc>Pauses the test executed for the given time.</doc>
<status status="PASS" start="2025-04-08T15:16:25.961223" elapsed="2.001355"/>
</kw>
<kw name="Capture Page Screenshot" owner="SeleniumLibrary">
<msg time="2025-04-08T15:16:28.106217" level="INFO" html="true">&lt;/td&gt;&lt;/tr&gt;&lt;tr&gt;&lt;td colspan="3"&gt;&lt;a href="selenium-screenshot-1.png"&gt;&lt;img src="selenium-screenshot-1.png" width="800px"&gt;&lt;/a&gt;</msg>
<doc>Takes a screenshot of the current page and embeds it into a log file.</doc>
<status status="PASS" start="2025-04-08T15:16:27.962578" elapsed="0.143639"/>
</kw>
<kw name="Close Browser" owner="SeleniumLibrary">
<doc>Closes the current browser.</doc>
<status status="PASS" start="2025-04-08T15:16:28.107240" elapsed="2.265761"/>
</kw>
<status status="PASS" start="2025-04-08T15:16:09.622112" elapsed="20.751885"/>
</test>
<status status="PASS" start="2025-04-08T15:16:08.971719" elapsed="21.404278"/>
</suite>
<statistics>
<total>
<stat pass="1" fail="0" skip="0">All Tests</stat>
</total>
<tag>
</tag>
<suite>
<stat name="Logintest" id="s1" pass="1" fail="0" skip="0">Logintest</stat>
</suite>
</statistics>
<errors>
</errors>
</robot>
